# package size[byte], ranks, transfer time per package [us], transfer rate [Gbyte/s]
1  1  4.83871  0.000206667
2  1  4.80616  0.000416133
4  1  4.82857  0.000828402
8  1  4.84693  0.00165053
16  1  4.79567  0.00333634
32  1  4.78292  0.00669048
64  1  4.04072  0.0158388
128  1  4.1275  0.0310115
256  1  4.15432  0.0616225
512  1  4.19939  0.121923
1024  1  6.07336  0.168605
2048  1  6.24645  0.327866
4096  1  6.40261  0.639739
8192  1  6.9865  1.17255
16384  1  8.16059  2.0077
32768  1  10.5499  3.106
65536  1  15.4595  4.2392
131072  1  24.9969  5.24354
262144  1  44.3785  5.907
524288  1  82.3387  6.36746
1048576  1  158.397  6.61992
2097152  1  310.719  6.74936
4194304  1  667.666  6.28204
8388608  1  1276.85  6.56975
16777216  1  2493.11  6.72945
 
 
1  2  5.07264  0.000394272
2  2  5.09472  0.000785126
4  2  5.04913  0.00158443
8  2  5.16691  0.00309663
16  2  5.07535  0.00630499
32  2  5.16303  0.0123958
64  2  4.9316  0.0259551
128  2  6.31472  0.0405402
256  2  6.35867  0.0805199
512  2  6.36842  0.160793
1024  2  4.46541  0.458637
2048  2  5.17717  0.791165
4096  2  5.48255  1.49419
8192  2  6.14904  2.66448
16384  2  7.5018  4.36802
32768  2  10.7448  6.09935
65536  2  19.2764  6.79962
131072  2  38.2565  6.85029
262144  2  76.4609  6.85694
524288  2  152.468  6.87667
1048576  2  304.55  6.88299
2097152  2  620.748  6.7536
4194304  2  1218.76  6.88115
8388608  2  2435.39  6.88721
16777216  2  4869.2  6.88941
 
 
1  4  5.18373  0.000771646
2  4  5.18226  0.00154373
4  4  5.1946  0.00308012
8  4  5.18433  0.00617245
16  4  5.1971  0.0123146
32  4  5.21506  0.0245443
64  4  8.35464  0.0306416
128  4  8.02533  0.063798
256  4  10.2066  0.100327
512  4  10.2279  0.200236
1024  4  8.42159  0.486369
2048  4  9.3722  0.874075
4096  4  8.80746  1.86024
8192  4  9.39057  3.48946
16384  4  11.1931  5.85506
32768  4  19.2951  6.79232
65536  4  38.2415  6.85442
131072  4  76.3299  6.8681
262144  4  152.409  6.8767
524288  4  304.555  6.88262
1048576  4  610.011  6.87579
2097152  4  1222.3  6.85787
4194304  4  2436.42  6.88436
8388608  4  4870.63  6.8835
16777216  4  9738.02  6.88882
 
 
1  8  5.28821  0.0015128
2  8  5.4489  0.00293637
4  8  5.41037  0.00591457
8  8  5.44563  0.0117525
16  8  5.55175  0.0230558
32  8  5.41638  0.047264
64  8  7.05613  0.0725611
128  8  7.39774  0.138421
256  8  4.7016  0.435596
512  8  8.86137  0.462231
1024  8  14.6435  0.56424
2048  8  12.9562  1.26457
4096  8  17.2801  1.89629
8192  8  18.0023  3.64043
16384  8  19.5753  6.69579
32768  8  38.5168  6.80596
65536  8  76.537  6.84956
131072  8  152.706  6.86582
262144  8  305.002  6.87587
524288  8  610.424  6.86279
1048576  8  1220.92  6.86662
2097152  8  2441.44  6.87186
4194304  8  4872.15  6.882
8388608  8  9745.77  6.87573
16777216  8  19481.3  6.88205
 
 
1  16  15.687  0.00101995
2  16  14.5621  0.00219748
4  16  10.4018  0.00615279
8  16  17.0571  0.00750422
16  16  16.5865  0.0154342
32  16  11.796  0.0434046
64  16  20.2273  0.0506246
128  16  18.3866  0.11367
256  16  21.5708  0.18834
512  16  26.9705  0.334523
1024  16  21.409  0.765285
2048  16  26.8984  1.21821
4096  16  30.6296  2.13963
8192  16  33.569  3.90456
16384  16  42.2885  6.19894
32768  16  77.6789  6.74943
65536  16  154.827  6.77254
131072  16  305.734  6.8594
262144  16  615.207  6.81772
524288  16  1226.26  6.83407
1048576  16  2450  6.83604
2097152  16  4878.56  6.83985
4194304  16  9747.31  6.87093
8388608  16  19483  6.85364
16777216  16  38963.4  6.86588
