# package size[byte], ranks, transfer time per package [us], transfer rate [Gbyte/s]
1  1  4.7443  0.0002
2  1  4.7765  0.0004
4  1  4.8007  0.0008
8  1  4.8083  0.0017
16  1  4.7562  0.0034
32  1  4.9132  0.0065
64  1  5.8944  0.0109
128  1  6.0332  0.0212
256  1  6.0554  0.0423
512  1  4.2249  0.1212
1024  1  4.2842  0.2390
2048  1  4.9711  0.4120
4096  1  5.2587  0.7789
8192  1  5.7879  1.4154
16384  1  7.0945  2.3094
32768  1  9.4825  3.4556
65536  1  14.2248  4.6072
131072  1  24.9982  5.2433
262144  1  44.2221  5.9279
524288  1  82.3171  6.3691
1048576  1  158.3056  6.6237
2097152  1  310.6471  6.7509
4194304  1  667.7514  6.2812
8388608  1  1277.0765  6.5686
16777216  1  2495.7187  6.7224
 
 
1  2  6.0863  0.0003
2  2  5.9749  0.0007
4  2  6.0398  0.0013
8  2  5.5973  0.0029
16  2  6.6865  0.0048
32  2  6.8338  0.0094
64  2  8.6655  0.0148
128  2  10.1726  0.0252
256  2  7.1896  0.0711
512  2  7.0952  0.1439
1024  2  7.1190  0.2871
2048  2  7.4459  0.5393
4096  2  8.9990  0.9074
8192  2  8.8212  1.6048
16384  2  10.3221  3.1517
32768  2  13.0472  5.0195
65536  2  20.8612  6.2818
131072  2  39.7805  6.5891
262144  2  77.8008  6.7382
524288  2  153.9117  6.8115
1048576  2  306.0637  6.8513
2097152  2  611.2245  6.7949
4194304  2  1218.5116  6.8829
8388608  2  2435.2908  6.8878
16777216  2  4869.3872  6.8895
 
 
1  4  7.9819  0.0005
2  4  8.3284  0.0008
4  4  8.2558  0.0019
8  4  8.8059  0.0031
16  4  9.5028  0.0067
32  4  8.6230  0.0148
64  4  10.8723  0.0176
128  4  12.2867  0.0332
256  4  11.7861  0.0847
512  4  11.3679  0.1694
1024  4  11.7869  0.3309
2048  4  9.7408  0.5815
4096  4  12.8710  1.2729
8192  4  13.1148  2.2096
16384  4  12.7866  3.7551
32768  4  20.5784  6.2009
65536  4  39.8919  6.5500
131072  4  78.6388  6.6654
262144  4  155.3941  6.7465
524288  4  307.7235  6.8140
1048576  4  589.1706  6.8374
2097152  4  1213.8284  6.8391
4194304  4  2437.0147  6.8833
8388608  4  4870.7497  6.8869
16777216  4  9736.5123  6.8904
 
 
1  8  20.3223  0.0003
2  8  20.2406  0.0007
4  8  15.7845  0.0014
8  8  19.8683  0.0028
16  8  20.5769  0.0055
32  8  12.4043  0.0110
64  8  24.1052  0.0163
128  8  28.6689  0.0294
256  8  20.3939  0.0634
512  8  20.0874  0.1272
1024  8  19.7378  0.2651
2048  8  20.9513  0.4869
4096  8  20.8949  1.0283
8192  8  29.4567  1.7941
16384  8  30.8531  3.5011
32768  8  37.0002  5.5975
65536  8  79.9615  6.5364
131072  8  157.5721  6.6531
262144  8  310.8046  6.7457
524288  8  587.8987  6.8066
1048576  8  1214.4150  6.8227
2097152  8  2436.9555  6.8465
4194304  8  4873.4936  6.8834
8388608  8  9739.6676  6.8882
16777216  8  19473.6454  6.8902
 
 
1  16  36.5082  0.0003
2  16  36.1182  0.0006
4  16  46.4041  0.0011
8  16  45.3125  0.0022
16  16  43.2071  0.0043
32  16  40.9721  0.0091
64  16  53.2727  0.0136
128  16  41.3256  0.0268
256  16  51.7789  0.0495
512  16  49.5817  0.1049
1024  16  55.4122  0.2029
2048  16  55.9024  0.4008
4096  16  42.6862  0.7908
8192  16  46.0962  1.5483
16384  16  66.0663  2.8737
32768  16  52.8126  4.9947
65536  16  158.3134  6.5375
131072  16  313.5420  6.6802
262144  16  568.0929  6.7420
524288  16  1179.3250  6.7746
1048576  16  2442.4900  6.8331
2097152  16  4865.9110  6.8618
4194304  16  9740.4907  6.8809
8388608  16  19463.6488  6.8846
16777216  16  38889.5389  6.8868
 
 
